<?xml version="1.0" encoding="UTF-8"?>
<!-- Generated by org.testng.reporters.JUnitReportReporter -->
<testsuite skipped="0" hostname="LAPTOP-17KMV140" name="test.MSFormCreation" tests="4" failures="0" timestamp="2020-04-14T13:49:27 IST" time="35.080" errors="0">
  <testcase name="Login" time="24.502" classname="test.MSFormCreation"/>
  <testcase name="AddTitle" time="0.610" classname="test.MSFormCreation"/>
  <testcase name="AddQuest" time="4.838" classname="test.MSFormCreation"/>
  <testcase name="AddQuest" time="5.130" classname="test.MSFormCreation"/>
</testsuite> <!-- test.MSFormCreation -->
