<?xml version="1.0" encoding="UTF-8"?>
<!-- Generated by org.testng.reporters.JUnitReportReporter -->
<testsuite skipped="0" hostname="LAPTOP-17KMV140" name="test.MSForm" tests="1" failures="0" timestamp="2020-04-07T19:52:18 IST" time="28.240" errors="0">
  <testcase name="Login" time="28.240" classname="test.MSForm"/>
</testsuite> <!-- test.MSForm -->
