<?xml version="1.0" encoding="UTF-8"?>
<!-- Generated by org.testng.reporters.JUnitReportReporter -->
<testsuite skipped="0" hostname="LAPTOP-17KMV140" name="test.MSFormShare" tests="2" failures="0" timestamp="2020-04-14T13:49:27 IST" time="2.970" errors="0">
  <testcase name="getTemplateLink" time="1.525" classname="test.MSFormShare"/>
  <testcase name="getCollaborateLink" time="1.445" classname="test.MSFormShare"/>
</testsuite> <!-- test.MSFormShare -->
